<?xml version="1.0" encoding="UTF-8"?>
<!-- Generated by org.testng.reporters.JUnitXMLReporter -->
<testsuite ignored="8" hostname="nebulaa1-Vostro-15-3568" failures="0" tests="8" name="Test" time="122.747" errors="0" timestamp="2020-05-01T19:45:36 IST">
  <testcase classname="com.ebanking.master.RoleCreation" name="roleCreation" time="11.737"/>
  <testcase classname="com.ebanking.master.RoleCreation" name="roleCreation" time="12.106"/>
  <testcase classname="com.ebanking.master.RoleCreation" name="roleCreation" time="11.818"/>
  <testcase classname="com.ebanking.master.BranchCreation" name="branchCreation" time="16.374"/>
  <testcase classname="com.ebanking.master.BranchCreation" name="branchCreation" time="15.557"/>
  <testcase classname="com.ebanking.master.EmployeeCreation" name="employeeCreation" time="16.231"/>
  <testcase classname="com.ebanking.master.EmployeeCreation" name="employeeCreation" time="15.559"/>
  <testcase classname="com.ebanking.master.EmployeeCreation" name="employeeCreation" time="16.046"/>
  <testcase classname="com.ebanking.master.Base" name="@BeforeTest beforeTest" time="0.0">
    <ignored/>
  </testcase> <!-- @BeforeTest beforeTest -->
  <testcase classname="com.ebanking.master.Base" name="@BeforeTest beforeTest" time="0.0">
    <ignored/>
  </testcase> <!-- @BeforeTest beforeTest -->
  <testcase classname="com.ebanking.master.Base" name="@AfterTest afterTest" time="0.0">
    <ignored/>
  </testcase> <!-- @AfterTest afterTest -->
  <testcase classname="com.ebanking.master.Base" name="@AfterTest afterTest" time="0.0">
    <ignored/>
  </testcase> <!-- @AfterTest afterTest -->
  <testcase classname="com.ebanking.master.Base" name="@BeforeSuite beforeSuite" time="0.0">
    <ignored/>
  </testcase> <!-- @BeforeSuite beforeSuite -->
  <testcase classname="com.ebanking.master.Base" name="@BeforeSuite beforeSuite" time="0.0">
    <ignored/>
  </testcase> <!-- @BeforeSuite beforeSuite -->
  <testcase classname="com.ebanking.master.Base" name="@AfterSuite afterSuite" time="0.0">
    <ignored/>
  </testcase> <!-- @AfterSuite afterSuite -->
  <testcase classname="com.ebanking.master.Base" name="@AfterSuite afterSuite" time="0.0">
    <ignored/>
  </testcase> <!-- @AfterSuite afterSuite -->
</testsuite> <!-- Test -->
